<?xml version="1.0" encoding="UTF-8"?>
<!-- Generated by org.testng.reporters.JUnitXMLReporter -->
<testsuite ignored="0" hostname="DESKTOP-B2O7F6V" failures="0" tests="1" name="\Guru99Automation" time="19.804" errors="0" timestamp="02 Jun 2018 17:02:50 GMT">
  <testcase classname="TestCases.AllTestCases" name="@BeforeMethod openBrowserAndurl" time="19.743">
    <failure type="java.lang.IndexOutOfBoundsException" message="Index 340 out-of-bounds for length 340">
      <![CDATA[java.lang.IndexOutOfBoundsException: Index 340 out-of-bounds for length 340
at java.base/jdk.internal.util.Preconditions.outOfBounds(Unknown Source)
at java.base/jdk.internal.util.Preconditions.outOfBoundsCheckIndex(Unknown Source)
at java.base/jdk.internal.util.Preconditions.checkIndex(Unknown Source)
at java.base/java.util.Objects.checkIndex(Unknown Source)
at java.base/java.util.ArrayList.get(Unknown Source)
at Common.Common.LaunchBrowserAndURL(Common.java:32)
at TestCases.AllTestCases.openBrowserAndurl(AllTestCases.java:16)
... Removed 28 stack frames]]>
    </failure>
  </testcase> <!-- @BeforeMethod openBrowserAndurl -->
  <testcase classname="TestCases.AllTestCases" name="@AfterMethod closebrowser" time="0.0">
    <skipped/>
  </testcase> <!-- @AfterMethod closebrowser -->
  <testcase classname="TestCases.AllTestCases" name="ClickOnHomePages" time="0.0">
    <skipped/>
  </testcase> <!-- ClickOnHomePages -->
</testsuite> <!-- \Guru99Automation -->
